# JRE version: OpenJDK Runtime Environment Temurin-17.0.7+7 (17.0.7+7) (build 17.0.7+7)
# Java VM: OpenJDK 64-Bit Server VM Temurin-17.0.7+7 (17.0.7+7, mixed mode, tiered, compressed oops, compressed class ptrs, parallel gc, windows-amd64)
GC Precious Log:
 CPUs: 8 total, 8 available
 Memory: 8014M
 Large Page Support: Disabled
 NUMA Support: Disabled
 Compressed Oops: Enabled (32-bit)
 Alignments: Space 512K, Generation 512K, Heap 2M
 Heap Min Capacity: 100M
 Heap Initial Capacity: 100M
 Heap Max Capacity: 1G
 Pre-touch: Disabled
 Parallel Workers: 8
Heap:
 PSYoungGen      total 19968K, used 10997K [0x00000000eab00000, 0x00000000ec180000, 0x0000000100000000)
  eden space 19456K, 55% used [0x00000000eab00000,0x00000000eb5956a8,0x00000000ebe00000)
  from space 512K, 31% used [0x00000000ec100000,0x00000000ec128000,0x00000000ec180000)
  to   space 512K, 0% used [0x00000000ec080000,0x00000000ec080000,0x00000000ec100000)
 ParOldGen       total 68608K, used 49171K [0x00000000c0000000, 0x00000000c4300000, 0x00000000eab00000)
  object space 68608K, 71% used [0x00000000c0000000,0x00000000c3004f70,0x00000000c4300000)
 Metaspace       used 59229K, committed 60096K, reserved 1114112K
  class space    used 6909K, committed 7296K, reserved 1048576K
GC Heap History (20 events):
Event: 10.664 GC heap before
{Heap before GC invocations=26 (full 2):
 PSYoungGen      total 23552K, used 23522K [0x00000000eab00000, 0x00000000eca80000, 0x0000000100000000)
  eden space 22016K, 100% used [0x00000000eab00000,0x00000000ec080000,0x00000000ec080000)
  from space 1536K, 98% used [0x00000000ec100000,0x00000000ec2789c8,0x00000000ec280000)
  to   space 5120K, 0% used [0x00000000ec580000,0x00000000ec580000,0x00000000eca80000)
 ParOldGen       total 68608K, used 38135K [0x00000000c0000000, 0x00000000c4300000, 0x00000000eab00000)
  object space 68608K, 55% used [0x00000000c0000000,0x00000000c253df68,0x00000000c4300000)
 Metaspace       used 52490K, committed 53248K, reserved 1114112K
  class space    used 5878K, committed 6208K, reserved 1048576K
}
Event: 10.667 GC heap after
{Heap after GC invocations=26 (full 2):
 PSYoungGen      total 26624K, used 5099K [0x00000000eab00000, 0x00000000ecb80000, 0x0000000100000000)
  eden space 21504K, 0% used [0x00000000eab00000,0x00000000eab00000,0x00000000ec000000)
  from space 5120K, 99% used [0x00000000ec580000,0x00000000eca7af38,0x00000000eca80000)
  to   space 5632K, 0% used [0x00000000ec000000,0x00000000ec000000,0x00000000ec580000)
 ParOldGen       total 68608K, used 39628K [0x00000000c0000000, 0x00000000c4300000, 0x00000000eab00000)
  object space 68608K, 57% used [0x00000000c0000000,0x00000000c26b32e8,0x00000000c4300000)
 Metaspace       used 52490K, committed 53248K, reserved 1114112K
  class space    used 5878K, committed 6208K, reserved 1048576K
}
Event: 11.032 GC heap before
{Heap before GC invocations=27 (full 2):
 PSYoungGen      total 26624K, used 26603K [0x00000000eab00000, 0x00000000ecb80000, 0x0000000100000000)
  eden space 21504K, 100% used [0x00000000eab00000,0x00000000ec000000,0x00000000ec000000)
  from space 5120K, 99% used [0x00000000ec580000,0x00000000eca7af38,0x00000000eca80000)
  to   space 5632K, 0% used [0x00000000ec000000,0x00000000ec000000,0x00000000ec580000)
 ParOldGen       total 68608K, used 39628K [0x00000000c0000000, 0x00000000c4300000, 0x00000000eab00000)
  object space 68608K, 57% used [0x00000000c0000000,0x00000000c26b32e8,0x00000000c4300000)
 Metaspace       used 52981K, committed 53760K, reserved 1114112K
  class space    used 5941K, committed 6272K, reserved 1048576K
}
Event: 11.034 GC heap after
{Heap after GC invocations=27 (full 2):
 PSYoungGen      total 22528K, used 576K [0x00000000eab00000, 0x00000000ec600000, 0x0000000100000000)
  eden space 21504K, 0% used [0x00000000eab00000,0x00000000eab00000,0x00000000ec000000)
  from space 1024K, 56% used [0x00000000ec000000,0x00000000ec090000,0x00000000ec100000)
  to   space 2560K, 0% used [0x00000000ec380000,0x00000000ec380000,0x00000000ec600000)
 ParOldGen       total 68608K, used 44525K [0x00000000c0000000, 0x00000000c4300000, 0x00000000eab00000)
  object space 68608K, 64% used [0x00000000c0000000,0x00000000c2b7b708,0x00000000c4300000)
 Metaspace       used 52981K, committed 53760K, reserved 1114112K
  class space    used 5941K, committed 6272K, reserved 1048576K
}
Event: 11.305 GC heap before
{Heap before GC invocations=28 (full 2):
 PSYoungGen      total 22528K, used 22080K [0x00000000eab00000, 0x00000000ec600000, 0x0000000100000000)
  eden space 21504K, 100% used [0x00000000eab00000,0x00000000ec000000,0x00000000ec000000)
  from space 1024K, 56% used [0x00000000ec000000,0x00000000ec090000,0x00000000ec100000)
  to   space 2560K, 0% used [0x00000000ec380000,0x00000000ec380000,0x00000000ec600000)
 ParOldGen       total 68608K, used 44525K [0x00000000c0000000, 0x00000000c4300000, 0x00000000eab00000)
  object space 68608K, 64% used [0x00000000c0000000,0x00000000c2b7b708,0x00000000c4300000)
 Metaspace       used 53451K, committed 54272K, reserved 1114112K
  class space    used 6057K, committed 6400K, reserved 1048576K
}
Event: 11.307 GC heap after
{Heap after GC invocations=28 (full 2):
 PSYoungGen      total 22016K, used 2556K [0x00000000eab00000, 0x00000000ecb00000, 0x0000000100000000)
  eden space 19456K, 0% used [0x00000000eab00000,0x00000000eab00000,0x00000000ebe00000)
  from space 2560K, 99% used [0x00000000ec380000,0x00000000ec5ff208,0x00000000ec600000)
  to   space 5632K, 0% used [0x00000000ebe00000,0x00000000ebe00000,0x00000000ec380000)
 ParOldGen       total 68608K, used 46661K [0x00000000c0000000, 0x00000000c4300000, 0x00000000eab00000)
  object space 68608K, 68% used [0x00000000c0000000,0x00000000c2d91790,0x00000000c4300000)
 Metaspace       used 53451K, committed 54272K, reserved 1114112K
  class space    used 6057K, committed 6400K, reserved 1048576K
}
Event: 11.556 GC heap before
{Heap before GC invocations=29 (full 2):
 PSYoungGen      total 22016K, used 22012K [0x00000000eab00000, 0x00000000ecb00000, 0x0000000100000000)
  eden space 19456K, 100% used [0x00000000eab00000,0x00000000ebe00000,0x00000000ebe00000)
  from space 2560K, 99% used [0x00000000ec380000,0x00000000ec5ff208,0x00000000ec600000)
  to   space 5632K, 0% used [0x00000000ebe00000,0x00000000ebe00000,0x00000000ec380000)
 ParOldGen       total 68608K, used 46661K [0x00000000c0000000, 0x00000000c4300000, 0x00000000eab00000)
  object space 68608K, 68% used [0x00000000c0000000,0x00000000c2d91790,0x00000000c4300000)
 Metaspace       used 55652K, committed 56448K, reserved 1114112K
  class space    used 6426K, committed 6784K, reserved 1048576K
}
Event: 11.558 GC heap after
{Heap after GC invocations=29 (full 2):
 PSYoungGen      total 20480K, used 640K [0x00000000eab00000, 0x00000000ec400000, 0x0000000100000000)
  eden space 19456K, 0% used [0x00000000eab00000,0x00000000eab00000,0x00000000ebe00000)
  from space 1024K, 62% used [0x00000000ebe00000,0x00000000ebea0020,0x00000000ebf00000)
  to   space 2560K, 0% used [0x00000000ec180000,0x00000000ec180000,0x00000000ec400000)
 ParOldGen       total 68608K, used 49199K [0x00000000c0000000, 0x00000000c4300000, 0x00000000eab00000)
  object space 68608K, 71% used [0x00000000c0000000,0x00000000c300bd88,0x00000000c4300000)
 Metaspace       used 55652K, committed 56448K, reserved 1114112K
  class space    used 6426K, committed 6784K, reserved 1048576K
}
Event: 12.037 GC heap before
{Heap before GC invocations=30 (full 2):
 PSYoungGen      total 20480K, used 20096K [0x00000000eab00000, 0x00000000ec400000, 0x0000000100000000)
  eden space 19456K, 100% used [0x00000000eab00000,0x00000000ebe00000,0x00000000ebe00000)
  from space 1024K, 62% used [0x00000000ebe00000,0x00000000ebea0020,0x00000000ebf00000)
  to   space 2560K, 0% used [0x00000000ec180000,0x00000000ec180000,0x00000000ec400000)
 ParOldGen       total 68608K, used 49199K [0x00000000c0000000, 0x00000000c4300000, 0x00000000eab00000)
  object space 68608K, 71% used [0x00000000c0000000,0x00000000c300bd88,0x00000000c4300000)
 Metaspace       used 57839K, committed 58688K, reserved 1114112K
  class space    used 6738K, committed 7104K, reserved 1048576K
}
Event: 12.039 GC heap after
{Heap after GC invocations=30 (full 2):
 PSYoungGen      total 20480K, used 576K [0x00000000eab00000, 0x00000000ec280000, 0x0000000100000000)
  eden space 19456K, 0% used [0x00000000eab00000,0x00000000eab00000,0x00000000ebe00000)
  from space 1024K, 56% used [0x00000000ec180000,0x00000000ec210000,0x00000000ec280000)
  to   space 1024K, 0% used [0x00000000ebe00000,0x00000000ebe00000,0x00000000ebf00000)
 ParOldGen       total 68608K, used 49703K [0x00000000c0000000, 0x00000000c4300000, 0x00000000eab00000)
  object space 68608K, 72% used [0x00000000c0000000,0x00000000c3089dc8,0x00000000c4300000)
 Metaspace       used 57839K, committed 58688K, reserved 1114112K
  class space    used 6738K, committed 7104K, reserved 1048576K
}
Event: 25.830 GC heap before
{Heap before GC invocations=31 (full 2):
 PSYoungGen      total 20480K, used 10812K [0x00000000eab00000, 0x00000000ec280000, 0x0000000100000000)
  eden space 19456K, 52% used [0x00000000eab00000,0x00000000eb4ff050,0x00000000ebe00000)
  from space 1024K, 56% used [0x00000000ec180000,0x00000000ec210000,0x00000000ec280000)
  to   space 1024K, 0% used [0x00000000ebe00000,0x00000000ebe00000,0x00000000ebf00000)
 ParOldGen       total 68608K, used 49703K [0x00000000c0000000, 0x00000000c4300000, 0x00000000eab00000)
  object space 68608K, 72% used [0x00000000c0000000,0x00000000c3089dc8,0x00000000c4300000)
 Metaspace       used 58938K, committed 59776K, reserved 1114112K
  class space    used 6863K, committed 7232K, reserved 1048576K
}
Event: 25.832 GC heap after
{Heap after GC invocations=31 (full 2):
 PSYoungGen      total 20480K, used 576K [0x00000000eab00000, 0x00000000ec200000, 0x0000000100000000)
  eden space 19456K, 0% used [0x00000000eab00000,0x00000000eab00000,0x00000000ebe00000)
  from space 1024K, 56% used [0x00000000ebe00000,0x00000000ebe90000,0x00000000ebf00000)
  to   space 1024K, 0% used [0x00000000ec100000,0x00000000ec100000,0x00000000ec200000)
 ParOldGen       total 68608K, used 50126K [0x00000000c0000000, 0x00000000c4300000, 0x00000000eab00000)
  object space 68608K, 73% used [0x00000000c0000000,0x00000000c30f3af8,0x00000000c4300000)
 Metaspace       used 58938K, committed 59776K, reserved 1114112K
  class space    used 6863K, committed 7232K, reserved 1048576K
}
Event: 25.832 GC heap before
{Heap before GC invocations=32 (full 3):
 PSYoungGen      total 20480K, used 576K [0x00000000eab00000, 0x00000000ec200000, 0x0000000100000000)
  eden space 19456K, 0% used [0x00000000eab00000,0x00000000eab00000,0x00000000ebe00000)
  from space 1024K, 56% used [0x00000000ebe00000,0x00000000ebe90000,0x00000000ebf00000)
  to   space 1024K, 0% used [0x00000000ec100000,0x00000000ec100000,0x00000000ec200000)
 ParOldGen       total 68608K, used 50126K [0x00000000c0000000, 0x00000000c4300000, 0x00000000eab00000)
  object space 68608K, 73% used [0x00000000c0000000,0x00000000c30f3af8,0x00000000c4300000)
 Metaspace       used 58938K, committed 59776K, reserved 1114112K
  class space    used 6863K, committed 7232K, reserved 1048576K
}
Event: 25.905 GC heap after
{Heap after GC invocations=32 (full 3):
 PSYoungGen      total 20480K, used 0K [0x00000000eab00000, 0x00000000ec200000, 0x0000000100000000)
  eden space 19456K, 0% used [0x00000000eab00000,0x00000000eab00000,0x00000000ebe00000)
  from space 1024K, 0% used [0x00000000ebe00000,0x00000000ebe00000,0x00000000ebf00000)
  to   space 1024K, 0% used [0x00000000ec100000,0x00000000ec100000,0x00000000ec200000)
 ParOldGen       total 68608K, used 48955K [0x00000000c0000000, 0x00000000c4300000, 0x00000000eab00000)
  object space 68608K, 71% used [0x00000000c0000000,0x00000000c2fcef70,0x00000000c4300000)
 Metaspace       used 58938K, committed 59776K, reserved 1114112K
  class space    used 6863K, committed 7232K, reserved 1048576K
}
Event: 36.335 GC heap before
{Heap before GC invocations=33 (full 3):
 PSYoungGen      total 20480K, used 19456K [0x00000000eab00000, 0x00000000ec200000, 0x0000000100000000)
  eden space 19456K, 100% used [0x00000000eab00000,0x00000000ebe00000,0x00000000ebe00000)
  from space 1024K, 0% used [0x00000000ebe00000,0x00000000ebe00000,0x00000000ebf00000)
  to   space 1024K, 0% used [0x00000000ec100000,0x00000000ec100000,0x00000000ec200000)
 ParOldGen       total 68608K, used 48955K [0x00000000c0000000, 0x00000000c4300000, 0x00000000eab00000)
  object space 68608K, 71% used [0x00000000c0000000,0x00000000c2fcef70,0x00000000c4300000)
 Metaspace       used 59205K, committed 60032K, reserved 1114112K
  class space    used 6907K, committed 7296K, reserved 1048576K
}
Event: 36.336 GC heap after
{Heap after GC invocations=33 (full 3):
 PSYoungGen      total 19968K, used 224K [0x00000000eab00000, 0x00000000ec180000, 0x0000000100000000)
  eden space 19456K, 0% used [0x00000000eab00000,0x00000000eab00000,0x00000000ebe00000)
  from space 512K, 43% used [0x00000000ec100000,0x00000000ec138000,0x00000000ec180000)
  to   space 512K, 0% used [0x00000000ec080000,0x00000000ec080000,0x00000000ec100000)
 ParOldGen       total 68608K, used 48963K [0x00000000c0000000, 0x00000000c4300000, 0x00000000eab00000)
  object space 68608K, 71% used [0x00000000c0000000,0x00000000c2fd0f70,0x00000000c4300000)
 Metaspace       used 59205K, committed 60032K, reserved 1114112K
  class space    used 6907K, committed 7296K, reserved 1048576K
}
Event: 37.518 GC heap before
{Heap before GC invocations=34 (full 3):
 PSYoungGen      total 19968K, used 19680K [0x00000000eab00000, 0x00000000ec180000, 0x0000000100000000)
  eden space 19456K, 100% used [0x00000000eab00000,0x00000000ebe00000,0x00000000ebe00000)
  from space 512K, 43% used [0x00000000ec100000,0x00000000ec138000,0x00000000ec180000)
  to   space 512K, 0% used [0x00000000ec080000,0x00000000ec080000,0x00000000ec100000)
 ParOldGen       total 68608K, used 48963K [0x00000000c0000000, 0x00000000c4300000, 0x00000000eab00000)
  object space 68608K, 71% used [0x00000000c0000000,0x00000000c2fd0f70,0x00000000c4300000)
 Metaspace       used 59219K, committed 60096K, reserved 1114112K
  class space    used 6907K, committed 7296K, reserved 1048576K
}
Event: 37.519 GC heap after
{Heap after GC invocations=34 (full 3):
 PSYoungGen      total 19968K, used 192K [0x00000000eab00000, 0x00000000ec180000, 0x0000000100000000)
  eden space 19456K, 0% used [0x00000000eab00000,0x00000000eab00000,0x00000000ebe00000)
  from space 512K, 37% used [0x00000000ec080000,0x00000000ec0b0000,0x00000000ec100000)
  to   space 512K, 0% used [0x00000000ec100000,0x00000000ec100000,0x00000000ec180000)
 ParOldGen       total 68608K, used 49131K [0x00000000c0000000, 0x00000000c4300000, 0x00000000eab00000)
  object space 68608K, 71% used [0x00000000c0000000,0x00000000c2ffaf70,0x00000000c4300000)
 Metaspace       used 59219K, committed 60096K, reserved 1114112K
  class space    used 6907K, committed 7296K, reserved 1048576K
}
Event: 38.614 GC heap before
{Heap before GC invocations=35 (full 3):
 PSYoungGen      total 19968K, used 19648K [0x00000000eab00000, 0x00000000ec180000, 0x0000000100000000)
  eden space 19456K, 100% used [0x00000000eab00000,0x00000000ebe00000,0x00000000ebe00000)
  from space 512K, 37% used [0x00000000ec080000,0x00000000ec0b0000,0x00000000ec100000)
  to   space 512K, 0% used [0x00000000ec100000,0x00000000ec100000,0x00000000ec180000)
 ParOldGen       total 68608K, used 49131K [0x00000000c0000000, 0x00000000c4300000, 0x00000000eab00000)
  object space 68608K, 71% used [0x00000000c0000000,0x00000000c2ffaf70,0x00000000c4300000)
 Metaspace       used 59220K, committed 60096K, reserved 1114112K
  class space    used 6907K, committed 7296K, reserved 1048576K
}
Event: 38.614 GC heap after
{Heap after GC invocations=35 (full 3):
 PSYoungGen      total 19968K, used 160K [0x00000000eab00000, 0x00000000ec180000, 0x0000000100000000)
  eden space 19456K, 0% used [0x00000000eab00000,0x00000000eab00000,0x00000000ebe00000)
  from space 512K, 31% used [0x00000000ec100000,0x00000000ec128000,0x00000000ec180000)
  to   space 512K, 0% used [0x00000000ec080000,0x00000000ec080000,0x00000000ec100000)
 ParOldGen       total 68608K, used 49171K [0x00000000c0000000, 0x00000000c4300000, 0x00000000eab00000)
  object space 68608K, 71% used [0x00000000c0000000,0x00000000c3004f70,0x00000000c4300000)
 Metaspace       used 59220K, committed 60096K, reserved 1114112K
  class space    used 6907K, committed 7296K, reserved 1048576K
}

