# JRE version: Java(TM) SE Runtime Environment (19.0+36) (build 19+36-2238)
# Java VM: Java HotSpot(TM) 64-Bit Server VM (19+36-2238, mixed mode, sharing, tiered, compressed oops, compressed class ptrs, g1 gc, windows-amd64)
GC Precious Log:
 CardTable entry size: 512
 Card Set container configuration: InlinePtr #cards 5 size 8 Array Of Cards #cards 12 size 40 Howl #buckets 4 coarsen threshold 1843 Howl Bitmap #cards 512 size 80 coarsen threshold 460 Card regions per heap region 1 cards per card region 2048
 CPUs: 8 total, 8 available
 Memory: 8014M
 Large Page Support: Disabled
 NUMA Support: Disabled
 Compressed Oops: Enabled (32-bit)
 Heap Region Size: 1M
 Heap Min Capacity: 8M
 Heap Initial Capacity: 126M
 Heap Max Capacity: 2G
 Pre-touch: Disabled
 Parallel Workers: 8
 Concurrent Workers: 2
 Concurrent Refinement Workers: 8
 Periodic GC: Disabled
Heap:
 garbage-first heap   total 193536K, used 121971K [0x0000000080000000, 0x0000000100000000)
  region size 1024K, 8 young (8192K), 1 survivors (1024K)
 Metaspace       used 90530K, committed 92736K, reserved 552960K
  class space    used 12324K, committed 13440K, reserved 421888K
GC Heap History (20 events):
Event: 15.890 GC heap before
{Heap before GC invocations=24 (full 0):
 garbage-first heap   total 92160K, used 74807K [0x0000000080000000, 0x0000000100000000)
  region size 1024K, 23 young (23552K), 1 survivors (1024K)
 Metaspace       used 61808K, committed 63680K, reserved 487424K
  class space    used 8542K, committed 9536K, reserved 421888K
}
Event: 15.895 GC heap after
{Heap after GC invocations=25 (full 0):
 garbage-first heap   total 173056K, used 54845K [0x0000000080000000, 0x0000000100000000)
  region size 1024K, 2 young (2048K), 2 survivors (2048K)
 Metaspace       used 61808K, committed 63680K, reserved 487424K
  class space    used 8542K, committed 9536K, reserved 421888K
}
Event: 17.756 GC heap before
{Heap before GC invocations=25 (full 0):
 garbage-first heap   total 173056K, used 125501K [0x0000000080000000, 0x0000000100000000)
  region size 1024K, 72 young (73728K), 2 survivors (2048K)
 Metaspace       used 67116K, committed 68992K, reserved 487424K
  class space    used 9271K, committed 10240K, reserved 421888K
}
Event: 17.768 GC heap after
{Heap after GC invocations=26 (full 0):
 garbage-first heap   total 173056K, used 61527K [0x0000000080000000, 0x0000000100000000)
  region size 1024K, 9 young (9216K), 9 survivors (9216K)
 Metaspace       used 67116K, committed 68992K, reserved 487424K
  class space    used 9271K, committed 10240K, reserved 421888K
}
Event: 18.901 GC heap before
{Heap before GC invocations=26 (full 0):
 garbage-first heap   total 173056K, used 131159K [0x0000000080000000, 0x0000000100000000)
  region size 1024K, 75 young (76800K), 9 survivors (9216K)
 Metaspace       used 74251K, committed 76160K, reserved 487424K
  class space    used 10015K, committed 11008K, reserved 421888K
}
Event: 18.912 GC heap after
{Heap after GC invocations=27 (full 0):
 garbage-first heap   total 173056K, used 71900K [0x0000000080000000, 0x0000000100000000)
  region size 1024K, 9 young (9216K), 9 survivors (9216K)
 Metaspace       used 74251K, committed 76160K, reserved 487424K
  class space    used 10015K, committed 11008K, reserved 421888K
}
Event: 19.595 GC heap before
{Heap before GC invocations=27 (full 0):
 garbage-first heap   total 173056K, used 138460K [0x0000000080000000, 0x0000000100000000)
  region size 1024K, 67 young (68608K), 9 survivors (9216K)
 Metaspace       used 78713K, committed 80640K, reserved 552960K
  class space    used 10546K, committed 11520K, reserved 421888K
}
Event: 19.604 GC heap after
{Heap after GC invocations=28 (full 0):
 garbage-first heap   total 173056K, used 76336K [0x0000000080000000, 0x0000000100000000)
  region size 1024K, 6 young (6144K), 6 survivors (6144K)
 Metaspace       used 78713K, committed 80640K, reserved 552960K
  class space    used 10546K, committed 11520K, reserved 421888K
}
Event: 23.972 GC heap before
{Heap before GC invocations=28 (full 0):
 garbage-first heap   total 173056K, used 133680K [0x0000000080000000, 0x0000000100000000)
  region size 1024K, 62 young (63488K), 6 survivors (6144K)
 Metaspace       used 80933K, committed 82944K, reserved 552960K
  class space    used 10870K, committed 11904K, reserved 421888K
}
Event: 23.979 GC heap after
{Heap after GC invocations=29 (full 0):
 garbage-first heap   total 173056K, used 82216K [0x0000000080000000, 0x0000000100000000)
  region size 1024K, 6 young (6144K), 6 survivors (6144K)
 Metaspace       used 80933K, committed 82944K, reserved 552960K
  class space    used 10870K, committed 11904K, reserved 421888K
}
Event: 24.904 GC heap before
{Heap before GC invocations=29 (full 0):
 garbage-first heap   total 173056K, used 136488K [0x0000000080000000, 0x0000000100000000)
  region size 1024K, 59 young (60416K), 6 survivors (6144K)
 Metaspace       used 86438K, committed 88448K, reserved 552960K
  class space    used 11800K, committed 12864K, reserved 421888K
}
Event: 24.912 GC heap after
{Heap after GC invocations=30 (full 0):
 garbage-first heap   total 173056K, used 85514K [0x0000000080000000, 0x0000000100000000)
  region size 1024K, 4 young (4096K), 4 survivors (4096K)
 Metaspace       used 86438K, committed 88448K, reserved 552960K
  class space    used 11800K, committed 12864K, reserved 421888K
}
Event: 25.942 GC heap before
{Heap before GC invocations=30 (full 0):
 garbage-first heap   total 173056K, used 144906K [0x0000000080000000, 0x0000000100000000)
  region size 1024K, 56 young (57344K), 4 survivors (4096K)
 Metaspace       used 88183K, committed 90304K, reserved 552960K
  class space    used 12047K, committed 13184K, reserved 421888K
}
Event: 25.951 GC heap after
{Heap after GC invocations=31 (full 0):
 garbage-first heap   total 173056K, used 97897K [0x0000000080000000, 0x0000000100000000)
  region size 1024K, 7 young (7168K), 7 survivors (7168K)
 Metaspace       used 88183K, committed 90304K, reserved 552960K
  class space    used 12047K, committed 13184K, reserved 421888K
}
Event: 26.147 GC heap before
{Heap before GC invocations=31 (full 0):
 garbage-first heap   total 173056K, used 110185K [0x0000000080000000, 0x0000000100000000)
  region size 1024K, 18 young (18432K), 7 survivors (7168K)
 Metaspace       used 88239K, committed 90368K, reserved 552960K
  class space    used 12050K, committed 13184K, reserved 421888K
}
Event: 26.155 GC heap after
{Heap after GC invocations=32 (full 0):
 garbage-first heap   total 173056K, used 104697K [0x0000000080000000, 0x0000000100000000)
  region size 1024K, 4 young (4096K), 4 survivors (4096K)
 Metaspace       used 88239K, committed 90368K, reserved 552960K
  class space    used 12050K, committed 13184K, reserved 421888K
}
Event: 27.090 GC heap before
{Heap before GC invocations=33 (full 0):
 garbage-first heap   total 193536K, used 145657K [0x0000000080000000, 0x0000000100000000)
  region size 1024K, 39 young (39936K), 4 survivors (4096K)
 Metaspace       used 90381K, committed 92544K, reserved 552960K
  class space    used 12324K, committed 13440K, reserved 421888K
}
Event: 27.095 GC heap after
{Heap after GC invocations=34 (full 0):
 garbage-first heap   total 193536K, used 117009K [0x0000000080000000, 0x0000000100000000)
  region size 1024K, 5 young (5120K), 5 survivors (5120K)
 Metaspace       used 90381K, committed 92544K, reserved 552960K
  class space    used 12324K, committed 13440K, reserved 421888K
}
Event: 27.243 GC heap before
{Heap before GC invocations=34 (full 0):
 garbage-first heap   total 193536K, used 121105K [0x0000000080000000, 0x0000000100000000)
  region size 1024K, 9 young (9216K), 5 survivors (5120K)
 Metaspace       used 90417K, committed 92608K, reserved 552960K
  class space    used 12324K, committed 13440K, reserved 421888K
}
Event: 27.249 GC heap after
{Heap after GC invocations=35 (full 0):
 garbage-first heap   total 193536K, used 116851K [0x0000000080000000, 0x0000000100000000)
  region size 1024K, 1 young (1024K), 1 survivors (1024K)
 Metaspace       used 90417K, committed 92608K, reserved 552960K
  class space    used 12324K, committed 13440K, reserved 421888K
}

